<?xml version="1.0" encoding="UTF-8"?>
<testsuite xmlns:xsi="http://www.w3.org/2001/XMLSchema-instance" xsi:noNamespaceSchemaLocation="https://maven.apache.org/surefire/maven-surefire-plugin/xsd/surefire-test-report.xsd" name="arief.mahendra.test.TagTest" time="0.066" tests="2" errors="0" skipped="0" failures="0">
  <properties>
[...]
</properties>
  <testcase name="testIntegrationSuccess" classname="arief.mahendra.test.TagTest" time="0.047"/>
  <testcase name="testIntegration1Success" classname="arief.mahendra.test.TagTest" time="0.001"/>
</testsuite>